-- The C compiler identification is GNU 13.3.0
-- The CXX compiler identification is GNU 13.3.0
-- Detecting C compiler ABI info
-- Detecting C compiler ABI info - done
-- Check for working C compiler: /usr/bin/cc - skipped
-- Detecting C compile features
-- Detecting C compile features - done
-- Detecting CXX compiler ABI info
-- Detecting CXX compiler ABI info - done
-- Check for working CXX compiler: /usr/bin/c++ - skipped
-- Detecting CXX compile features
-- Detecting CXX compile features - done
-- Start configuring project dgl
-- Build for dev
-- Build with CUDA support
CMake Warning (dev) at cmake/util/FindCUDA.cmake:25 (include):
  Policy CMP0146 is not set: The FindCUDA module is removed.  Run "cmake
  --help-policy CMP0146" for policy details.  Use the cmake_policy command to
  set the policy and suppress this warning.

Call Stack (most recent call first):
  cmake/modules/CUDA.cmake:3 (find_cuda)
  CMakeLists.txt:142 (include)
This warning is for project developers.  Use -Wno-dev to suppress it.

-- Performing Test CMAKE_HAVE_LIBC_PTHREAD
-- Performing Test CMAKE_HAVE_LIBC_PTHREAD - Success
-- Found Threads: TRUE
-- Found CUDA: /usr/local/cuda (found version "13.1")
-- Found CUDA_TOOLKIT_ROOT_DIR=/usr/local/cuda
-- Found CUDA_CUDART_LIBRARY=/usr/local/cuda/lib64/libcudart.so
-- Found CUDA_CUBLAS_LIBRARY=/usr/local/cuda/lib64/libcublas.so
-- Found CUDA_CURAND_LIBRARY=/usr/local/cuda/lib64/libcurand.so
-- Performing Test SUPPORT_CXX17
-- Performing Test SUPPORT_CXX17 - Success
-- Use external CCCL library for a consistent API and performance.
-- Found OpenMP_C: -fopenmp (found version "4.5")
-- Found OpenMP_CXX: -fopenmp (found version "4.5")
-- Found OpenMP: TRUE (found version "4.5")
-- Build with OpenMP.
-- Looking for sys/epoll.h
-- Looking for sys/epoll.h - found
-- CMAKE_CXX_FLAGS: -fopenmp -Wall -fPIC -Wno-error -O0 -g3 -ggdb -DUSE_EPOLL -DIDXTYPEWIDTH=64 -DREALTYPEWIDTH=32
-- CUDA_NVCC_FLAGS: -Xcompiler;-fopenmp,-Wall,-fPIC,-Wno-error,-O0,-g3,-ggdb,-DUSE_EPOLL,-DIDXTYPEWIDTH=64,-DREALTYPEWIDTH=32;--expt-relaxed-constexpr;-gencode;arch=compute_86,code=sm_86;-gencode;arch=compute_86,code=compute_86;--expt-extended-lambda;-Wno-deprecated-declarations;-std=c++17
-- Conda environment detected: /venv/moe
CMake Deprecation Warning at third_party/dmlc-core/CMakeLists.txt:1 (cmake_minimum_required):
  Compatibility with CMake < 3.10 will be removed from a future version of
  CMake.

  Update the VERSION argument <min> value.  Or, use the <min>...<max> syntax
  to tell CMake that the project requires at least <min> but has been updated
  to work with policies introduced by <max> or earlier.


-- Found OpenMP_C: -fopenmp (found version "4.5")
-- Found OpenMP_CXX: -fopenmp (found version "4.5")
-- Looking for clock_gettime in rt
-- Looking for clock_gettime in rt - found
-- Looking for fopen64
-- Looking for fopen64 - not found
-- Looking for C++ include cxxabi.h
-- Looking for C++ include cxxabi.h - found
-- Looking for nanosleep
-- Looking for nanosleep - found
-- Looking for backtrace
-- Looking for backtrace - found
-- backtrace facility detected in default set of libraries
-- Found Backtrace: /usr/include
-- /workspace/tmp/dgl-src/dgl/third_party/dmlc-core/cmake/build_config.h.in -> include/dmlc/build_config.h
-- Performing Test SUPPORT_MSSE2
-- Performing Test SUPPORT_MSSE2 - Success
-- Looking for execinfo.h
-- Looking for execinfo.h - found
-- Looking for getline
-- Looking for getline - found
-- Build with HugeCTR GPU embedding cache.
-- Configuring DGL sparse library
-- DGL include directories: /usr/local/cuda/include;/workspace/tmp/dgl-src/dgl/include;/workspace/tmp/dgl-src/dgl/third_party/dlpack/include;/workspace/tmp/dgl-src/dgl/third_party/dmlc-core/include;/workspace/tmp/dgl-src/dgl/third_party/phmap;/workspace/tmp/dgl-src/dgl/tensoradapter/include;/workspace/tmp/dgl-src/dgl/third_party/pcg/include;/workspace/tmp/dgl-src/dgl/third_party/nanoflann/include;/workspace/tmp/dgl-src/dgl/third_party/METIS/include;/workspace/tmp/dgl-src/dgl/third_party/METIS/GKlib;/workspace/tmp/dgl-src/dgl/third_party/METIS/include;/workspace/tmp/dgl-src/dgl/third_party/HugeCTR/gpu_cache/include
-- DGL link directories: /usr/local/cuda/include;/workspace/tmp/dgl-src/dgl/include;/workspace/tmp/dgl-src/dgl/third_party/dlpack/include;/workspace/tmp/dgl-src/dgl/third_party/dmlc-core/include;/workspace/tmp/dgl-src/dgl/third_party/phmap;/workspace/tmp/dgl-src/dgl/tensoradapter/include;/workspace/tmp/dgl-src/dgl/third_party/pcg/include;/workspace/tmp/dgl-src/dgl/third_party/nanoflann/include;/workspace/tmp/dgl-src/dgl/third_party/METIS/include;/workspace/tmp/dgl-src/dgl/third_party/METIS/GKlib;/workspace/tmp/dgl-src/dgl/third_party/METIS/include;/workspace/tmp/dgl-src/dgl/third_party/HugeCTR/gpu_cache/include
-- Configuring graphbolt library
-- Configuring done (5.2s)
-- Generating done (0.1s)
CMake Warning:
  Manually-specified variables were not used by the project:

    CMAKE_POLICY_VERSION_MINIMUM
    USE_GRAPHBOLT


-- Build files have been written to: /workspace/tmp/dgl-src/dgl/build_cuda_130
[1/245] Creating directories for 'liburing'
[2/245] No download step for 'liburing'
[3/245] No update step for 'liburing'
[4/245] Building C object third_party/METIS/libmetis/CMakeFiles/metis.dir/__/GKlib/b64.c.o
[5/245] Building C object third_party/METIS/libmetis/CMakeFiles/metis.dir/__/GKlib/blas.c.o
[6/245] Building CXX object third_party/dmlc-core/CMakeFiles/dmlc.dir/src/recordio.cc.o
[7/245] Building CXX object third_party/dmlc-core/CMakeFiles/dmlc.dir/src/io/line_split.cc.o
[8/245] Building C object third_party/METIS/libmetis/CMakeFiles/metis.dir/__/GKlib/error.c.o
[9/245] Building CXX object third_party/dmlc-core/CMakeFiles/dmlc.dir/src/io/recordio_split.cc.o
[10/245] Building C object third_party/METIS/libmetis/CMakeFiles/metis.dir/__/GKlib/fkvkselect.c.o
[11/245] Building C object third_party/METIS/libmetis/CMakeFiles/metis.dir/__/GKlib/evaluate.c.o
[12/245] Building CXX object third_party/dmlc-core/CMakeFiles/dmlc.dir/src/io/local_filesys.cc.o
[13/245] Building C object third_party/METIS/libmetis/CMakeFiles/metis.dir/__/GKlib/fs.c.o
[14/245] Building C object third_party/METIS/libmetis/CMakeFiles/metis.dir/__/GKlib/gk_util.c.o
[15/245] Building C object third_party/METIS/libmetis/CMakeFiles/metis.dir/__/GKlib/gkregex.c.o
[16/245] Building CXX object third_party/dmlc-core/CMakeFiles/dmlc.dir/src/config.cc.o
[17/245] Building C object third_party/METIS/libmetis/CMakeFiles/metis.dir/__/GKlib/getopt.c.o
[18/245] Building C object third_party/METIS/libmetis/CMakeFiles/metis.dir/__/GKlib/htable.c.o
[19/245] Building C object third_party/METIS/libmetis/CMakeFiles/metis.dir/__/GKlib/io.c.o
[20/245] Building C object third_party/METIS/libmetis/CMakeFiles/metis.dir/__/GKlib/itemsets.c.o
[21/245] Building C object third_party/METIS/libmetis/CMakeFiles/metis.dir/__/GKlib/mcore.c.o
[22/245] Building CXX object third_party/dmlc-core/CMakeFiles/dmlc.dir/src/io/filesys.cc.o
[23/245] Building C object third_party/METIS/libmetis/CMakeFiles/metis.dir/__/GKlib/rw.c.o
[24/245] Building CXX object third_party/dmlc-core/CMakeFiles/dmlc.dir/src/io/indexed_recordio_split.cc.o
[25/245] Building C object third_party/METIS/libmetis/CMakeFiles/metis.dir/__/GKlib/seq.c.o
[26/245] Building C object third_party/METIS/libmetis/CMakeFiles/metis.dir/__/GKlib/random.c.o
[27/245] Building C object third_party/METIS/libmetis/CMakeFiles/metis.dir/__/GKlib/graph.c.o
/workspace/tmp/dgl-src/dgl/third_party/METIS/GKlib/graph.c: In function ‘gk_graph_Read’:
/workspace/tmp/dgl-src/dgl/third_party/METIS/GKlib/graph.c:336:20: warning: ‘iadjwgt’ may be used uninitialized [-Wmaybe-uninitialized]
  336 |             iadjwgt[xadj[iinds[i]]] = ivals[i];
      |                    ^
/workspace/tmp/dgl-src/dgl/third_party/METIS/GKlib/graph.c:93:66: note: ‘iadjwgt’ was declared here
   93 |   int32_t ival, *iinds=NULL, *jinds=NULL, *ivals=NULL, *adjncy, *iadjwgt;
      |                                                                  ^~~~~~~
/workspace/tmp/dgl-src/dgl/third_party/METIS/GKlib/graph.c:334:20: warning: ‘fadjwgt’ may be used uninitialized [-Wmaybe-uninitialized]
  334 |             fadjwgt[xadj[iinds[i]]] = fvals[i];
      |                    ^
/workspace/tmp/dgl-src/dgl/third_party/METIS/GKlib/graph.c:94:29: note: ‘fadjwgt’ was declared here
   94 |   float fval, *fvals=NULL, *fadjwgt;
      |                             ^~~~~~~
[28/245] Building C object third_party/METIS/libmetis/CMakeFiles/metis.dir/__/GKlib/timers.c.o
[29/245] Building C object third_party/METIS/libmetis/CMakeFiles/metis.dir/__/GKlib/string.c.o
[30/245] Building C object third_party/METIS/libmetis/CMakeFiles/metis.dir/auxapi.c.o
[31/245] Building C object third_party/METIS/libmetis/CMakeFiles/metis.dir/__/GKlib/tokenizer.c.o
[32/245] Building C object third_party/METIS/libmetis/CMakeFiles/metis.dir/bucketsort.c.o
[33/245] Building C object third_party/METIS/libmetis/CMakeFiles/metis.dir/__/GKlib/pqueue.c.o
[34/245] Building C object third_party/METIS/libmetis/CMakeFiles/metis.dir/checkgraph.c.o
[35/245] Building C object third_party/METIS/libmetis/CMakeFiles/metis.dir/compress.c.o
[36/245] Building C object third_party/METIS/libmetis/CMakeFiles/metis.dir/balance.c.o
[37/245] Building C object third_party/METIS/libmetis/CMakeFiles/metis.dir/debug.c.o
[38/245] Building C object third_party/METIS/libmetis/CMakeFiles/metis.dir/fortran.c.o
[39/245] Building C object third_party/METIS/libmetis/CMakeFiles/metis.dir/contig.c.o
[40/245] Building C object third_party/METIS/libmetis/CMakeFiles/metis.dir/frename.c.o
[41/245] Building C object third_party/METIS/libmetis/CMakeFiles/metis.dir/__/GKlib/memory.c.o
[42/245] Building C object third_party/METIS/libmetis/CMakeFiles/metis.dir/fm.c.o
[43/245] Building C object third_party/METIS/libmetis/CMakeFiles/metis.dir/graph.c.o
[44/245] Building C object third_party/METIS/libmetis/CMakeFiles/metis.dir/__/GKlib/csr.c.o
[45/245] Building C object third_party/METIS/libmetis/CMakeFiles/metis.dir/initpart.c.o
[46/245] Building C object third_party/METIS/libmetis/CMakeFiles/metis.dir/kmetis.c.o
[47/245] Building C object third_party/METIS/libmetis/CMakeFiles/metis.dir/mcutil.c.o
[48/245] Building C object third_party/METIS/libmetis/CMakeFiles/metis.dir/coarsen.c.o
[49/245] Building C object third_party/METIS/libmetis/CMakeFiles/metis.dir/meshpart.c.o
[50/245] Building C object third_party/METIS/libmetis/CMakeFiles/metis.dir/kwayrefine.c.o
[51/245] Building C object third_party/METIS/libmetis/CMakeFiles/metis.dir/mesh.c.o
[52/245] Building C object third_party/METIS/libmetis/CMakeFiles/metis.dir/mincover.c.o
[53/245] Building C object third_party/METIS/libmetis/CMakeFiles/metis.dir/__/GKlib/sort.c.o
[54/245] Building C object third_party/METIS/libmetis/CMakeFiles/metis.dir/mmd.c.o
[55/245] Building C object third_party/METIS/libmetis/CMakeFiles/metis.dir/options.c.o
[56/245] Building C object third_party/METIS/libmetis/CMakeFiles/metis.dir/minconn.c.o
[57/245] Building C object third_party/METIS/libmetis/CMakeFiles/metis.dir/pmetis.c.o
[58/245] Building C object third_party/METIS/libmetis/CMakeFiles/metis.dir/ometis.c.o
[59/245] Building C object third_party/METIS/libmetis/CMakeFiles/metis.dir/separator.c.o
[60/245] Building C object third_party/METIS/libmetis/CMakeFiles/metis.dir/refine.c.o
[61/245] Building C object third_party/METIS/libmetis/CMakeFiles/metis.dir/srefine.c.o
[62/245] Building C object third_party/METIS/libmetis/CMakeFiles/metis.dir/gklib.c.o
[63/245] No patch step for 'liburing'
[64/245] Building C object third_party/METIS/libmetis/CMakeFiles/metis.dir/timing.c.o
[65/245] Building C object third_party/METIS/libmetis/CMakeFiles/metis.dir/util.c.o
[66/245] Building C object third_party/METIS/libmetis/CMakeFiles/metis.dir/stat.c.o
[67/245] Building C object third_party/METIS/libmetis/CMakeFiles/metis.dir/parmetis.c.o
[68/245] Building C object third_party/METIS/libmetis/CMakeFiles/metis.dir/wspace.c.o
[69/245] Building C object third_party/METIS/libmetis/CMakeFiles/metis.dir/sfm.c.o
[70/245] Building C object third_party/METIS/libmetis/CMakeFiles/metis.dir/kwayfm.c.o
[71/245] Performing configure step for 'liburing'
prefix                        /workspace/tmp/dgl-src/dgl/build_cuda_130/third_party/liburing
includedir                    /workspace/tmp/dgl-src/dgl/build_cuda_130/third_party/liburing/include
libdir                        /workspace/tmp/dgl-src/dgl/build_cuda_130/third_party/liburing/lib
libdevdir                     /workspace/tmp/dgl-src/dgl/build_cuda_130/third_party/liburing/lib
relativelibdir                
mandir                        /workspace/tmp/dgl-src/dgl/build_cuda_130/third_party/liburing/man
datadir                       /workspace/tmp/dgl-src/dgl/build_cuda_130/third_party/liburing/share
libgcc_link_flag              /usr/lib/gcc/x86_64-linux-gnu/13/libgcc.a
stringop_overflow             yes
array_bounds                  yes
__kernel_rwf_t                yes
__kernel_timespec             yes
open_how                      yes
statx                         yes
glibc_statx                   yes
C++                           yes
has_ucontext                  yes
NVMe uring command support    yes
futex waitv support           yes
has_idtype_t                  yes
nolibc                        yes
has_fanotify                  yes
CC                            gcc
CXX                           g++
[72/245] Building CXX object third_party/dmlc-core/CMakeFiles/dmlc.dir/src/io.cc.o
